<?xml version="1.0" encoding="UTF-8"?>
<!-- Generated by org.testng.reporters.JUnitReportReporter -->
<testsuite hostname="Silambarasi" failures="0" tests="1" name="Scripts.TestCase2" time="46.937" errors="0" timestamp="2023-10-11T15:39:29 IST" skipped="0">
  <testcase classname="Scripts.TestCase2" name="TC2" time="46.937"/>
</testsuite> <!-- Scripts.TestCase2 -->
