<?xml version="1.0" encoding="UTF-8"?>
<!-- Generated by org.testng.reporters.JUnitReportReporter -->
<testsuite hostname="Silambarasi" failures="0" tests="1" name="Scripts.TestCase1" time="67.853" errors="0" timestamp="2023-10-11T15:41:02 IST" skipped="0">
  <testcase classname="Scripts.TestCase1" name="TC1" time="67.853"/>
</testsuite> <!-- Scripts.TestCase1 -->
